<?xml version="1.0" encoding="UTF-8"?>
<testsuite name="mc.sdet.codetest.service.RandomAddressServiceTest" tests="1" skipped="0" failures="0" errors="0" timestamp="2020-09-20T21:59:47" hostname="bhavanas-MBP" time="10.666">
  <properties/>
  <testcase name="Test GetRandomAddress Success" classname="mc.sdet.codetest.service.RandomAddressServiceTest" time="10.666"/>
  <system-out><![CDATA[17:59:46.524 [Test worker] DEBUG org.springframework.test.context.support.AbstractDirtiesContextTestExecutionListener - Before test class: context [DefaultTestContext@3937d602 testClass = RandomAddressServiceTest, testInstance = [null], testMethod = [null], testException = [null], mergedContextConfiguration = [WebMergedContextConfiguration@784b6249 testClass = RandomAddressServiceTest, locations = '{}', classes = '{class mc.sdet.codetest.util.AddressParsingUtil, class mc.sdet.codetest.util.AddressParsingUtil}', contextInitializerClasses = '[]', activeProfiles = '{}', propertySourceLocations = '{}', propertySourceProperties = '{org.springframework.boot.test.context.SpringBootTestContextBootstrapper=true}', contextCustomizers = set[org.spockframework.spring.mock.SpockContextCustomizer@0, org.springframework.boot.test.autoconfigure.properties.PropertyMappingContextCustomizer@0, org.springframework.boot.test.autoconfigure.web.servlet.WebDriverContextCustomizerFactory$Customizer@447ac705, org.springframework.boot.test.context.filter.ExcludeFilterContextCustomizer@1b7626b5, org.springframework.boot.test.json.DuplicateJsonObjectContextCustomizerFactory$DuplicateJsonObjectContextCustomizer@7673c1f9, org.springframework.boot.test.mock.mockito.MockitoContextCustomizer@0, org.springframework.boot.test.web.client.TestRestTemplateContextCustomizer@2599778a, org.springframework.boot.test.context.SpringBootTestArgs@1], resourceBasePath = 'src/main/webapp', contextLoader = 'org.springframework.boot.test.context.SpringBootContextLoader', parent = [null]], attributes = map['org.springframework.test.context.web.ServletTestExecutionListener.activateListener' -> true]], class annotated with @DirtiesContext [false] with mode [null].
17:59:46.574 [Test worker] DEBUG org.springframework.test.context.support.TestPropertySourceUtils - Adding inlined properties to environment: {spring.jmx.enabled=false, org.springframework.boot.test.context.SpringBootTestContextBootstrapper=true}

  .   ____          _            __ _ _
 /\\ / ___'_ __ _ _(_)_ __  __ _ \ \ \ \
( ( )\___ | '_ | '_| | '_ \/ _` | \ \ \ \
 \\/  ___)| |_)| | | | | || (_| |  ) ) ) )
  '  |____| .__|_| |_|_| |_\__, | / / / /
 =========|_|==============|___/=/_/_/_/
 :: Spring Boot ::        (v2.3.4.RELEASE)

2020-09-20 17:59:46.918  INFO 5571 --- [    Test worker] m.s.c.service.RandomAddressServiceTest   : Starting RandomAddressServiceTest on bhavanas-MBP with PID 5571 (started by bhavana in /Users/bhavana/eclipse-workspace/sdet-random-address)
2020-09-20 17:59:46.920  INFO 5571 --- [    Test worker] m.s.c.service.RandomAddressServiceTest   : No active profile set, falling back to default profiles: default
2020-09-20 17:59:47.260  INFO 5571 --- [    Test worker] m.s.c.service.RandomAddressServiceTest   : Started RandomAddressServiceTest in 0.674 seconds (JVM running for 2.392)
]]></system-out>
  <system-err><![CDATA[]]></system-err>
</testsuite>
